Determining if the pthread_create exist failed with the following output:
Change Dir: /home/josue/Desktop/Reto_ws/build/catkin_tools_prebuild/CMakeFiles/CMakeTmp

Run Build Command:"/usr/bin/make" "cmTC_6824f/fast"
/usr/bin/make -f CMakeFiles/cmTC_6824f.dir/build.make CMakeFiles/cmTC_6824f.dir/build
make[1]: Entering directory '/home/josue/Desktop/Reto_ws/build/catkin_tools_prebuild/CMakeFiles/CMakeTmp'
Building C object CMakeFiles/cmTC_6824f.dir/CheckSymbolExists.c.o
/usr/bin/cc    -o CMakeFiles/cmTC_6824f.dir/CheckSymbolExists.c.o   -c /home/josue/Desktop/Reto_ws/build/catkin_tools_prebuild/CMakeFiles/CMakeTmp/CheckSymbolExists.c
Linking C executable cmTC_6824f
/usr/bin/cmake -E cmake_link_script CMakeFiles/cmTC_6824f.dir/link.txt --verbose=1
/usr/bin/cc      -rdynamic CMakeFiles/cmTC_6824f.dir/CheckSymbolExists.c.o  -o cmTC_6824f 
CMakeFiles/cmTC_6824f.dir/CheckSymbolExists.c.o: In function `main':
CheckSymbolExists.c:(.text+0x1b): undefined reference to `pthread_create'
collect2: error: ld returned 1 exit status
CMakeFiles/cmTC_6824f.dir/build.make:97: recipe for target 'cmTC_6824f' failed
make[1]: *** [cmTC_6824f] Error 1
make[1]: Leaving directory '/home/josue/Desktop/Reto_ws/build/catkin_tools_prebuild/CMakeFiles/CMakeTmp'
Makefile:126: recipe for target 'cmTC_6824f/fast' failed
make: *** [cmTC_6824f/fast] Error 2

File /home/josue/Desktop/Reto_ws/build/catkin_tools_prebuild/CMakeFiles/CMakeTmp/CheckSymbolExists.c:
/* */
#include <pthread.h>

int main(int argc, char** argv)
{
  (void)argv;
#ifndef pthread_create
  return ((int*)(&pthread_create))[argc];
#else
  (void)argc;
  return 0;
#endif
}

Determining if the function pthread_create exists in the pthreads failed with the following output:
Change Dir: /home/josue/Desktop/Reto_ws/build/catkin_tools_prebuild/CMakeFiles/CMakeTmp

Run Build Command:"/usr/bin/make" "cmTC_080ff/fast"
/usr/bin/make -f CMakeFiles/cmTC_080ff.dir/build.make CMakeFiles/cmTC_080ff.dir/build
make[1]: Entering directory '/home/josue/Desktop/Reto_ws/build/catkin_tools_prebuild/CMakeFiles/CMakeTmp'
Building C object CMakeFiles/cmTC_080ff.dir/CheckFunctionExists.c.o
/usr/bin/cc   -DCHECK_FUNCTION_EXISTS=pthread_create   -o CMakeFiles/cmTC_080ff.dir/CheckFunctionExists.c.o   -c /usr/share/cmake-3.10/Modules/CheckFunctionExists.c
Linking C executable cmTC_080ff
/usr/bin/cmake -E cmake_link_script CMakeFiles/cmTC_080ff.dir/link.txt --verbose=1
/usr/bin/cc  -DCHECK_FUNCTION_EXISTS=pthread_create    -rdynamic CMakeFiles/cmTC_080ff.dir/CheckFunctionExists.c.o  -o cmTC_080ff -lpthreads 
/usr/bin/ld: cannot find -lpthreads
collect2: error: ld returned 1 exit status
CMakeFiles/cmTC_080ff.dir/build.make:97: recipe for target 'cmTC_080ff' failed
make[1]: *** [cmTC_080ff] Error 1
make[1]: Leaving directory '/home/josue/Desktop/Reto_ws/build/catkin_tools_prebuild/CMakeFiles/CMakeTmp'
Makefile:126: recipe for target 'cmTC_080ff/fast' failed
make: *** [cmTC_080ff/fast] Error 2


