Symlinking /home/josue/Desktop/Reto_ws/devel/include/diff_drive/GoToPoseAction.h
Symlinking /home/josue/Desktop/Reto_ws/devel/include/diff_drive/GoToPoseActionGoal.h
Symlinking /home/josue/Desktop/Reto_ws/devel/include/diff_drive/GoToPoseActionResult.h
Symlinking /home/josue/Desktop/Reto_ws/devel/include/diff_drive/GoToPoseGoal.h
Symlinking /home/josue/Desktop/Reto_ws/devel/include/diff_drive/GoToPoseFeedback.h
Symlinking /home/josue/Desktop/Reto_ws/devel/include/diff_drive/GoToPoseActionFeedback.h
Symlinking /home/josue/Desktop/Reto_ws/devel/include/diff_drive/GoToPoseResult.h
Symlinking /home/josue/Desktop/Reto_ws/devel/share/roseus/ros/diff_drive/manifest.l
Symlinking /home/josue/Desktop/Reto_ws/devel/share/roseus/ros/diff_drive/msg/GoToPoseActionFeedback.l
Symlinking /home/josue/Desktop/Reto_ws/devel/share/roseus/ros/diff_drive/msg/GoToPoseResult.l
Symlinking /home/josue/Desktop/Reto_ws/devel/share/roseus/ros/diff_drive/msg/GoToPoseGoal.l
Symlinking /home/josue/Desktop/Reto_ws/devel/share/roseus/ros/diff_drive/msg/GoToPoseFeedback.l
Symlinking /home/josue/Desktop/Reto_ws/devel/share/roseus/ros/diff_drive/msg/GoToPoseActionGoal.l
Symlinking /home/josue/Desktop/Reto_ws/devel/share/roseus/ros/diff_drive/msg/GoToPoseActionResult.l
Symlinking /home/josue/Desktop/Reto_ws/devel/share/roseus/ros/diff_drive/msg/GoToPoseAction.l
Symlinking /home/josue/Desktop/Reto_ws/devel/share/common-lisp/ros/diff_drive/msg/GoToPoseActionFeedback.lisp
Symlinking /home/josue/Desktop/Reto_ws/devel/share/common-lisp/ros/diff_drive/msg/_package_GoToPoseActionGoal.lisp
Symlinking /home/josue/Desktop/Reto_ws/devel/share/common-lisp/ros/diff_drive/msg/_package_GoToPoseFeedback.lisp
Symlinking /home/josue/Desktop/Reto_ws/devel/share/common-lisp/ros/diff_drive/msg/diff_drive-msg.asd
Symlinking /home/josue/Desktop/Reto_ws/devel/share/common-lisp/ros/diff_drive/msg/GoToPoseFeedback.lisp
Symlinking /home/josue/Desktop/Reto_ws/devel/share/common-lisp/ros/diff_drive/msg/GoToPoseActionResult.lisp
Symlinking /home/josue/Desktop/Reto_ws/devel/share/common-lisp/ros/diff_drive/msg/_package_GoToPoseAction.lisp
Symlinking /home/josue/Desktop/Reto_ws/devel/share/common-lisp/ros/diff_drive/msg/_package_GoToPoseActionResult.lisp
Symlinking /home/josue/Desktop/Reto_ws/devel/share/common-lisp/ros/diff_drive/msg/_package_GoToPoseActionFeedback.lisp
Symlinking /home/josue/Desktop/Reto_ws/devel/share/common-lisp/ros/diff_drive/msg/GoToPoseActionGoal.lisp
Symlinking /home/josue/Desktop/Reto_ws/devel/share/common-lisp/ros/diff_drive/msg/GoToPoseGoal.lisp
Symlinking /home/josue/Desktop/Reto_ws/devel/share/common-lisp/ros/diff_drive/msg/_package_GoToPoseResult.lisp
Symlinking /home/josue/Desktop/Reto_ws/devel/share/common-lisp/ros/diff_drive/msg/_package_GoToPoseGoal.lisp
Symlinking /home/josue/Desktop/Reto_ws/devel/share/common-lisp/ros/diff_drive/msg/GoToPoseAction.lisp
Symlinking /home/josue/Desktop/Reto_ws/devel/share/common-lisp/ros/diff_drive/msg/GoToPoseResult.lisp
Symlinking /home/josue/Desktop/Reto_ws/devel/share/common-lisp/ros/diff_drive/msg/_package.lisp
Symlinking /home/josue/Desktop/Reto_ws/devel/share/gennodejs/ros/diff_drive/_index.js
Symlinking /home/josue/Desktop/Reto_ws/devel/share/gennodejs/ros/diff_drive/msg/GoToPoseFeedback.js
Symlinking /home/josue/Desktop/Reto_ws/devel/share/gennodejs/ros/diff_drive/msg/GoToPoseActionResult.js
Symlinking /home/josue/Desktop/Reto_ws/devel/share/gennodejs/ros/diff_drive/msg/GoToPoseActionFeedback.js
Symlinking /home/josue/Desktop/Reto_ws/devel/share/gennodejs/ros/diff_drive/msg/GoToPoseResult.js
Symlinking /home/josue/Desktop/Reto_ws/devel/share/gennodejs/ros/diff_drive/msg/GoToPoseGoal.js
Symlinking /home/josue/Desktop/Reto_ws/devel/share/gennodejs/ros/diff_drive/msg/GoToPoseAction.js
Symlinking /home/josue/Desktop/Reto_ws/devel/share/gennodejs/ros/diff_drive/msg/_index.js
Symlinking /home/josue/Desktop/Reto_ws/devel/share/gennodejs/ros/diff_drive/msg/GoToPoseActionGoal.js
Symlinking /home/josue/Desktop/Reto_ws/devel/share/diff_drive/cmake/diff_driveConfig-version.cmake
Symlinking /home/josue/Desktop/Reto_ws/devel/share/diff_drive/cmake/diff_driveConfig.cmake
Symlinking /home/josue/Desktop/Reto_ws/devel/share/diff_drive/cmake/diff_drive-msg-paths.cmake
Symlinking /home/josue/Desktop/Reto_ws/devel/share/diff_drive/cmake/diff_drive-msg-extras.cmake
Symlinking /home/josue/Desktop/Reto_ws/devel/share/diff_drive/msg/GoToPoseAction.msg
Symlinking /home/josue/Desktop/Reto_ws/devel/share/diff_drive/msg/GoToPoseResult.msg
Symlinking /home/josue/Desktop/Reto_ws/devel/share/diff_drive/msg/GoToPoseFeedback.msg
Symlinking /home/josue/Desktop/Reto_ws/devel/share/diff_drive/msg/GoToPoseActionResult.msg
Symlinking /home/josue/Desktop/Reto_ws/devel/share/diff_drive/msg/GoToPoseGoal.msg
Symlinking /home/josue/Desktop/Reto_ws/devel/share/diff_drive/msg/GoToPoseActionFeedback.msg
Symlinking /home/josue/Desktop/Reto_ws/devel/share/diff_drive/msg/GoToPoseActionGoal.msg
Symlinking /home/josue/Desktop/Reto_ws/devel/lib/pkgconfig/diff_drive.pc
Symlinking /home/josue/Desktop/Reto_ws/devel/lib/python2.7/dist-packages/diff_drive/__init__.py
Symlinking /home/josue/Desktop/Reto_ws/devel/lib/python2.7/dist-packages/diff_drive/msg/_GoToPoseActionGoal.py
Symlinking /home/josue/Desktop/Reto_ws/devel/lib/python2.7/dist-packages/diff_drive/msg/_GoToPoseActionResult.py
Symlinking /home/josue/Desktop/Reto_ws/devel/lib/python2.7/dist-packages/diff_drive/msg/_GoToPoseGoal.py
Symlinking /home/josue/Desktop/Reto_ws/devel/lib/python2.7/dist-packages/diff_drive/msg/_GoToPoseActionFeedback.py
Symlinking /home/josue/Desktop/Reto_ws/devel/lib/python2.7/dist-packages/diff_drive/msg/__init__.py
Symlinking /home/josue/Desktop/Reto_ws/devel/lib/python2.7/dist-packages/diff_drive/msg/_GoToPoseAction.py
Symlinking /home/josue/Desktop/Reto_ws/devel/lib/python2.7/dist-packages/diff_drive/msg/_GoToPoseResult.py
Symlinking /home/josue/Desktop/Reto_ws/devel/lib/python2.7/dist-packages/diff_drive/msg/_GoToPoseFeedback.py
