Determining if the pthread_create exist failed with the following output:
Change Dir: /home/josue/Desktop/Reto_ws/build/gmapping/CMakeFiles/CMakeTmp

Run Build Command:"/usr/bin/make" "cmTC_15ac4/fast"
/usr/bin/make -f CMakeFiles/cmTC_15ac4.dir/build.make CMakeFiles/cmTC_15ac4.dir/build
make[1]: Entering directory '/home/josue/Desktop/Reto_ws/build/gmapping/CMakeFiles/CMakeTmp'
Building C object CMakeFiles/cmTC_15ac4.dir/CheckSymbolExists.c.o
/usr/bin/cc    -o CMakeFiles/cmTC_15ac4.dir/CheckSymbolExists.c.o   -c /home/josue/Desktop/Reto_ws/build/gmapping/CMakeFiles/CMakeTmp/CheckSymbolExists.c
Linking C executable cmTC_15ac4
/usr/bin/cmake -E cmake_link_script CMakeFiles/cmTC_15ac4.dir/link.txt --verbose=1
/usr/bin/cc      -rdynamic CMakeFiles/cmTC_15ac4.dir/CheckSymbolExists.c.o  -o cmTC_15ac4 
CMakeFiles/cmTC_15ac4.dir/CheckSymbolExists.c.o: In function `main':
CheckSymbolExists.c:(.text+0x1b): undefined reference to `pthread_create'
collect2: error: ld returned 1 exit status
CMakeFiles/cmTC_15ac4.dir/build.make:97: recipe for target 'cmTC_15ac4' failed
make[1]: *** [cmTC_15ac4] Error 1
make[1]: Leaving directory '/home/josue/Desktop/Reto_ws/build/gmapping/CMakeFiles/CMakeTmp'
Makefile:126: recipe for target 'cmTC_15ac4/fast' failed
make: *** [cmTC_15ac4/fast] Error 2

File /home/josue/Desktop/Reto_ws/build/gmapping/CMakeFiles/CMakeTmp/CheckSymbolExists.c:
/* */
#include <pthread.h>

int main(int argc, char** argv)
{
  (void)argv;
#ifndef pthread_create
  return ((int*)(&pthread_create))[argc];
#else
  (void)argc;
  return 0;
#endif
}

Determining if the function pthread_create exists in the pthreads failed with the following output:
Change Dir: /home/josue/Desktop/Reto_ws/build/gmapping/CMakeFiles/CMakeTmp

Run Build Command:"/usr/bin/make" "cmTC_c3e48/fast"
/usr/bin/make -f CMakeFiles/cmTC_c3e48.dir/build.make CMakeFiles/cmTC_c3e48.dir/build
make[1]: Entering directory '/home/josue/Desktop/Reto_ws/build/gmapping/CMakeFiles/CMakeTmp'
Building C object CMakeFiles/cmTC_c3e48.dir/CheckFunctionExists.c.o
/usr/bin/cc   -DCHECK_FUNCTION_EXISTS=pthread_create   -o CMakeFiles/cmTC_c3e48.dir/CheckFunctionExists.c.o   -c /usr/share/cmake-3.10/Modules/CheckFunctionExists.c
Linking C executable cmTC_c3e48
/usr/bin/cmake -E cmake_link_script CMakeFiles/cmTC_c3e48.dir/link.txt --verbose=1
/usr/bin/cc  -DCHECK_FUNCTION_EXISTS=pthread_create    -rdynamic CMakeFiles/cmTC_c3e48.dir/CheckFunctionExists.c.o  -o cmTC_c3e48 -lpthreads 
/usr/bin/ld: cannot find -lpthreads
collect2: error: ld returned 1 exit status
CMakeFiles/cmTC_c3e48.dir/build.make:97: recipe for target 'cmTC_c3e48' failed
make[1]: *** [cmTC_c3e48] Error 1
make[1]: Leaving directory '/home/josue/Desktop/Reto_ws/build/gmapping/CMakeFiles/CMakeTmp'
Makefile:126: recipe for target 'cmTC_c3e48/fast' failed
make: *** [cmTC_c3e48/fast] Error 2


